This is LuaHBTeX, Version 1.14.0 (MiKTeX 22.1) (format=lualatex 2022.3.10)  1 APR 2022 11:18
 restricted system commands enabled.
**expose.tex
(./expose.tex
LaTeX2e <2021-11-15> patch level 1
Lua module: luaotfload 2022-02-27 3.20 Lua based OpenType font support
Lua module: lualibs 2021-05-20 2.74 ConTeXt Lua standard libraries.
Lua module: lualibs-extended 2021-05-20 2.74 ConTeXt Lua libraries -- extended c
ollection.
luaotfload | conf : Root cache directory is "C:/Users/evagr/AppData/Local/MiKTeX
/2.9/luatex-cache/generic/names".
luaotfload | init : Loading fontloader "fontloader-2022-02-24.lua" from kpse-res
olved path "C:/Users/evagr/AppData/Local/Programs/MiKTeX 2.9/tex/luatex/luaotflo
ad/fontloader-2022-02-24.lua".
Lua-only attribute luaotfload@noligature = 1
luaotfload | init : Context OpenType loader version 3.119
Inserting `luaotfload.node_processor' at position 1 in `pre_linebreak_filter'.
Inserting `luaotfload.node_processor' at position 1 in `hpack_filter'.
Inserting `luaotfload.glyph_stream' at position 1 in `glyph_stream_provider'.
Inserting `luaotfload.define_font' at position 1 in `define_font'.
Lua-only attribute luaotfload_color_attribute = 2
luaotfload | conf : Root cache directory is "C:/Users/evagr/AppData/Local/MiKTeX
/2.9/luatex-cache/generic/names".
Inserting `luaotfload.harf.strip_prefix' at position 1 in `find_opentype_file'.
Inserting `luaotfload.harf.strip_prefix' at position 1 in `find_truetype_file'.
Removing  `luaotfload.glyph_stream' from `glyph_stream_provider'.
Inserting `luaotfload.harf.glyphstream' at position 1 in `glyph_stream_provider'
.
Inserting `luaotfload.harf.finalize_vlist' at position 1 in `post_linebreak_filt
er'.
Inserting `luaotfload.harf.finalize_hlist' at position 2 in `hpack_filter'.
Inserting `luaotfload.cleanup_files' at position 1 in `wrapup_run'.
Inserting `luaotfload.harf.finalize_unicode' at position 1 in `finish_pdffile'.
Inserting `luaotfload.glyphinfo' at position 1 in `glyph_info'.
Lua-only attribute luaotfload.letterspace_done = 3
Inserting `luaotfload.aux.set_sscale_dimens' at position 1 in `luaotfload.patch_
font'.
Inserting `luaotfload.aux.set_font_index' at position 2 in `luaotfload.patch_fon
t'.
Inserting `luaotfload.aux.patch_cambria_domh' at position 3 in `luaotfload.patch
_font'.
Inserting `luaotfload.aux.fixup_fontdata' at position 1 in `luaotfload.patch_fon
t_unsafe'.
Inserting `luaotfload.aux.set_capheight' at position 4 in `luaotfload.patch_font
'.
Inserting `luaotfload.aux.set_xheight' at position 5 in `luaotfload.patch_font'.
Inserting `luaotfload.rewrite_fontname' at position 6 in `luaotfload.patch_font'
. L3 programming layer <2022-02-24>
Inserting `tracingstacklevels' at position 1 in `input_level_string'.
("C:/Users/evagr/AppData/Local/Programs/MiKTeX 2.9/tex/latex/koma-script/scrrep
rt.cls"
Document Class: scrreprt 2021/11/13 v3.35 KOMA-Script document class (report)

("C:/Users/evagr/AppData/Local/Programs/MiKTeX 2.9/tex/latex/koma-script/scrkba
se.sty"
Package: scrkbase 2021/11/13 v3.35 KOMA-Script package (KOMA-Script-dependent b
asics and keyval usage)

("C:/Users/evagr/AppData/Local/Programs/MiKTeX 2.9/tex/latex/koma-script/scrbas
e.sty"
Package: scrbase 2021/11/13 v3.35 KOMA-Script package (KOMA-Script-independent 
basics and keyval usage)

("C:/Users/evagr/AppData/Local/Programs/MiKTeX 2.9/tex/latex/koma-script/scrlfi
le.sty"
Package: scrlfile 2021/11/13 v3.35 KOMA-Script package (file load hooks)

("C:/Users/evagr/AppData/Local/Programs/MiKTeX 2.9/tex/latex/koma-script/scrlfi
le-hook.sty"
Package: scrlfile-hook 2021/11/13 v3.35 KOMA-Script package (using LaTeX hooks)


("C:/Users/evagr/AppData/Local/Programs/MiKTeX 2.9/tex/latex/koma-script/scrlog
o.sty"
Package: scrlogo 2021/11/13 v3.35 KOMA-Script package (logo)
)))
("C:/Users/evagr/AppData/Local/Programs/MiKTeX 2.9/tex/latex/graphics/keyval.st
y"
Package: keyval 2014/10/28 v1.15 key=value parser (DPC)
\KV@toks@=\toks16
)
Applying: [2021/05/01] Usage of raw or classic option list on input line 252.
Already applied: [0000/00/00] Usage of raw or classic option list on input line
 368.
))
("C:/Users/evagr/AppData/Local/Programs/MiKTeX 2.9/tex/latex/koma-script/tocbas
ic.sty"
Package: tocbasic 2021/11/13 v3.35 KOMA-Script package (handling toc-files)
\scr@dte@tocline@numberwidth=\skip47
\scr@dte@tocline@numbox=\box50
)
Package tocbasic Info: babel extension for `toc' omitted
(tocbasic)             because of missing \bbl@set@language on input line 137.
Package scrreprt Info: You've used standard option `11pt'.
(scrreprt)             This is correct!
(scrreprt)             Internally I'm using `fontsize=11pt'.
(scrreprt)             If you'd like to set the option with \KOMAoptions,
(scrreprt)             you'd have to use `fontsize=11pt' there
(scrreprt)             instead of `11pt', too.

("C:/Users/evagr/AppData/Local/Programs/MiKTeX 2.9/tex/latex/base/fleqn.clo"
File: fleqn.clo 2016/12/29 v1.2b Standard LaTeX option (flush left equations)
\mathindent=\skip48
Applying: [2015/01/01] Make \[ robust on input line 50.
LaTeX Info: Redefining \[ on input line 51.
Already applied: [0000/00/00] Make \[ robust on input line 62.
Applying: [2015/01/01] Make \] robust on input line 74.
LaTeX Info: Redefining \] on input line 75.
Already applied: [0000/00/00] Make \] robust on input line 83.
)
Class scrreprt Info: You've used standard option `oneside'.
(scrreprt)           This is correct!
(scrreprt)           Internally I'm using `twoside=false'.
(scrreprt)           If you'd like to set the option with \KOMAoptions,
(scrreprt)           you'd have to use `twoside=false' there
(scrreprt)           instead of `oneside', too.
Class scrreprt Info: Switching compatibility level to `first'.
Class scrreprt Info: File `scrsize11pt.clo' used to setup font sizes on input l
ine 2487.

("C:/Users/evagr/AppData/Local/Programs/MiKTeX 2.9/tex/latex/koma-script/scrsiz
e11pt.clo"
File: scrsize11pt.clo 2021/11/13 v3.35 KOMA-Script font size class option (11pt
)
luaotfload | db : Font names database loaded from C:/Users/evagr/AppData/Local/M
iKTeX/2.9/luatex-cache/generic/names/luaotfload-names.luc.gz)
("C:/Users/evagr/AppData/Local/Programs/MiKTeX 2.9/tex/latex/koma-script/typear
ea.sty"
Package: typearea 2021/11/13 v3.35 KOMA-Script package (type area)
\ta@bcor=\skip49
\ta@div=\count183
Package typearea Info: You've used standard option `a4paper'.
(typearea)             This is correct!
(typearea)             Internally I'm using `paper=a4'.
(typearea)             If you'd like to set the option with \KOMAoptions,
(typearea)             you'd have to use `paper=a4' there
(typearea)             instead of `a4paper', too.
Package typearea Info: You've used standard option `oneside'.
(typearea)             This is correct!
(typearea)             Internally I'm using `twoside=false'.
(typearea)             If you'd like to set the option with \KOMAoptions,
(typearea)             you'd have to use `twoside=false' there
(typearea)             instead of `oneside', too.
Package typearea Info: Switching compatibility level to `first'.
\ta@hblk=\skip50
\ta@vblk=\skip51
\ta@temp=\skip52
\footheight=\skip53
Package typearea Info: These are the values describing the layout:
(typearea)             DIV  = 10
(typearea)             BCOR = 0.0pt
(typearea)             \paperwidth      = 597.50793pt
(typearea)              \textwidth      = 418.25555pt
(typearea)              DIV departure   = -6%
(typearea)              \evensidemargin = 17.3562pt
(typearea)              \oddsidemargin  = 17.3562pt
(typearea)             \paperheight     = 845.04694pt
(typearea)              \textheight     = 555.00024pt
(typearea)              \topmargin      = 12.2347pt
(typearea)              \headheight     = 17.0pt
(typearea)              \headsep        = 20.40001pt
(typearea)              \topskip        = 11.0pt
(typearea)              \footskip       = 47.6pt
(typearea)              \baselineskip   = 13.6pt
(typearea)              on input line 1743.
)
\c@part=\count184
\c@chapter=\count185
\c@section=\count186
\c@subsection=\count187
\c@subsubsection=\count188
\c@paragraph=\count189
\c@subparagraph=\count190
\scr@dte@chapter@maxnumwidth=\skip54
Class scrreprt Info: using compatibility default `afterindent=bysign'
(scrreprt)           for `\chapter on input line 5717.
\scr@dte@section@maxnumwidth=\skip55
Class scrreprt Info: using compatibility default `runin=bysign'
(scrreprt)           for `\section on input line 5728.
Class scrreprt Info: using compatibility default `afterindent=bysign'
(scrreprt)           for `\section on input line 5728.
\scr@dte@part@maxnumwidth=\skip56
Class scrreprt Info: using compatibility default `afterindent=true'
(scrreprt)           for `\part on input line 5737.
\scr@dte@subsection@maxnumwidth=\skip57
Class scrreprt Info: using compatibility default `runin=bysign'
(scrreprt)           for `\subsection on input line 5747.
Class scrreprt Info: using compatibility default `afterindent=bysign'
(scrreprt)           for `\subsection on input line 5747.
\scr@dte@subsubsection@maxnumwidth=\skip58
Class scrreprt Info: using compatibility default `runin=bysign'
(scrreprt)           for `\subsubsection on input line 5757.
Class scrreprt Info: using compatibility default `afterindent=bysign'
(scrreprt)           for `\subsubsection on input line 5757.
\scr@dte@paragraph@maxnumwidth=\skip59
Class scrreprt Info: using compatibility default `runin=bysign'
(scrreprt)           for `\paragraph on input line 5768.
Class scrreprt Info: using compatibility default `afterindent=bysign'
(scrreprt)           for `\paragraph on input line 5768.
\scr@dte@subparagraph@maxnumwidth=\skip60
Class scrreprt Info: using compatibility default `runin=bysign'
(scrreprt)           for `\subparagraph on input line 5778.
Class scrreprt Info: using compatibility default `afterindent=bysign'
(scrreprt)           for `\subparagraph on input line 5778.
\abovecaptionskip=\skip61
\belowcaptionskip=\skip62
\c@pti@nb@sid@b@x=\box51
Package tocbasic Info: babel extension for `lof' omitted
(tocbasic)             because of missing \bbl@set@language on input line 6958.

\scr@dte@figure@maxnumwidth=\skip63
\c@figure=\count191
Package tocbasic Info: babel extension for `lot' omitted
(tocbasic)             because of missing \bbl@set@language on input line 6974.

\scr@dte@table@maxnumwidth=\skip64
\c@table=\count192
Class scrreprt Info: Using old \@makefntext due to compatibility level
(scrreprt)           less than 3.22 on input line 7129.
Class scrreprt Info: Redefining `\numberline' on input line 7142.
\bibindent=\dimen137
)
("C:/Users/evagr/AppData/Local/Programs/MiKTeX 2.9/tex/latex/koma-script/scrhac
k.sty"
Package: scrhack 2021/11/13 v3.35 KOMA-Script package (hacking other packages)

("C:/Users/evagr/AppData/Local/Programs/MiKTeX 2.9/tex/latex/xpatch/xpatch.sty"
("C:/Users/evagr/AppData/Local/Programs/MiKTeX 2.9/tex/latex/l3kernel/expl3.sty
"
Package: expl3 2022-02-24 L3 programming layer (loader) 

("C:/Users/evagr/AppData/Local/Programs/MiKTeX 2.9/tex/latex/l3backend/l3backen
d-luatex.def"
File: l3backend-luatex.def 2022-02-07 L3 backend support: PDF output (LuaTeX)
\l__color_backend_stack_int=\count193
\l__pdf_internal_box=\box52
))
Package: xpatch 2020/03/25 v0.3a Extending etoolbox patching commands

("C:/Users/evagr/AppData/Local/Programs/MiKTeX 2.9/tex/latex/l3packages/xparse/
xparse.sty"
Package: xparse 2022-01-12 L3 Experimental document command parser
)
("C:/Users/evagr/AppData/Local/Programs/MiKTeX 2.9/tex/latex/etoolbox/etoolbox.
sty"
Package: etoolbox 2020/10/05 v2.5k e-TeX tools for LaTeX (JAW)
\etb@tempcnta=\count194
))) (./finalthesis.sty (./wappen_up.sty)) (./fancyheadings.sty
\headrulewidth=\dimen138
\footrulewidth=\dimen139
\plainheadrulewidth=\dimen140
\plainfootrulewidth=\dimen141
\headwidth=\dimen142
)
("C:/Users/evagr/AppData/Local/Programs/MiKTeX 2.9/tex/latex/pdfsync/pdfsync.st
y"
**** pdfsync.sty: WARNING, synchronization is only available with pdftex like e
ngines.)
("C:/Users/evagr/AppData/Local/Programs/MiKTeX 2.9/tex/generic/babel/babel.sty"
Package: babel 2022/02/26 3.73 The Babel package

("C:/Users/evagr/AppData/Local/Programs/MiKTeX 2.9/tex/generic/babel/luababel.d
ef"
\bbl@readstream=\read2
\l@afrikaans=\language2
Package babel Info: Non-standard hyphenation setup on input line 118.
\l@ancientgreek=\language3
\l@armenian=\language4
\l@assamese=\language5
\l@basque=\language6
\l@belarusian=\language7
\l@bengali=\language8
\l@bokmal=\language9
\l@bulgarian=\language10
\l@catalan=\language11
\l@churchslavonic=\language12
\l@classiclatin=\language13
\l@coptic=\language14
\l@croatian=\language15
\l@czech=\language16
\l@danish=\language17
\l@dutch=\language18
\l@esperanto=\language19
\l@estonian=\language20
\l@ethiopic=\language21
\l@finnish=\language22
\l@french=\language23
\l@friulan=\language24
\l@galician=\language25
\l@georgian=\language26
\l@german=\language27
\l@greek=\language28
\l@gujarati=\language29
\l@hindi=\language30
\l@hungarian=\language31
\l@icelandic=\language32
\l@indonesian=\language33
\l@interlingua=\language34
\l@irish=\language35
\l@italian=\language36
\l@kannada=\language37
\l@kurmanji=\language38
\l@latin=\language39
\l@latvian=\language40
\l@lithuanian=\language41
\l@liturgicallatin=\language42
\l@macedonian=\language43
\l@malayalam=\language44
\l@marathi=\language45
\l@mongolian=\language46
\l@mongolianlmc=\language47
\l@monogreek=\language48
\l@ngerman=\language49
\l@nynorsk=\language50
\l@occitan=\language51
\l@oriya=\language52
\l@pali=\language53
\l@panjabi=\language54
\l@piedmontese=\language55
\l@polish=\language56
\l@portuguese=\language57
\l@romanian=\language58
\l@romansh=\language59
\l@russian=\language60
\l@sanskrit=\language61
\l@serbian=\language62
\l@serbianc=\language63
\l@slovak=\language64
\l@slovenian=\language65
\l@spanish=\language66
\l@swedish=\language67
\l@swissgerman=\language68
\l@tamil=\language69
\l@telugu=\language70
\l@thai=\language71
\l@turkish=\language72
\l@turkmen=\language73
\l@ukenglish=\language74
\l@ukrainian=\language75
\l@uppersorbian=\language76
\l@usenglishmax=\language77
\l@welsh=\language78
\babelcatcodetablenum=\catcodetable12
\bbl@pattcodes=\catcodetable13
)
\babel@savecnt=\count195
\U@D=\dimen143
\l@unhyphenated=\language79

("C:/Users/evagr/AppData/Local/Programs/MiKTeX 2.9/tex/generic/babel/luababel.d
ef"
\bbl@attr@locale=\attribute4
)
*************************************
* Local config file bblopts.cfg used
*
("C:/Users/evagr/AppData/Local/Programs/MiKTeX 2.9/tex/latex/arabi/bblopts.cfg"
File: bblopts.cfg 2005/09/08 v0.1 add Arabic and Farsi to "declared" options of
 babel
)
("C:/Users/evagr/AppData/Local/Programs/MiKTeX 2.9/tex/latex/babel-german/ngerm
an.ldf"
Language: ngerman 2021/02/27 v2.13 German support for babel (post-1996 orthogra
phy)

("C:/Users/evagr/AppData/Local/Programs/MiKTeX 2.9/tex/latex/babel-german/ngerm
anb.ldf"
Language: ngermanb 2021/02/27 v2.13 German support for babel (post-1996 orthogr
aphy)
Package babel Info: Making " an active character on input line 122.

("C:/Users/evagr/AppData/Local/Programs/MiKTeX 2.9/tex/generic/hyph-utf8/loadhy
ph/loadhyph-de-1996.tex"
UTF-8 German hyphenation patterns (reformed orthography)
("C:/Users/evagr/AppData/Local/Programs/MiKTeX 2.9/tex/generic/hyph-utf8/patter
ns/tex/hyph-de-1996.tex"
German Hyphenation Patterns (Reformed Orthography, 2006) `dehyphn-x' 2021-02-26
 (WL)))))
("C:/Users/evagr/AppData/Local/Programs/MiKTeX 2.9/tex/latex/babel-english/engl
ish.ldf"
Language: english 2017/06/06 v3.3r English support from the babel system
Package babel Info: Hyphen rules for 'canadian' set to \l@english
(babel)             (\language0). Reported on input line 102.
Package babel Info: Hyphen rules for 'australian' set to \l@ukenglish
(babel)             (\language74). Reported on input line 105.
Package babel Info: Hyphen rules for 'newzealand' set to \l@ukenglish
(babel)             (\language74). Reported on input line 108.
))
("C:/Users/evagr/AppData/Local/Programs/MiKTeX 2.9/tex/latex/base/inputenc.sty"
Package: inputenc 2021/02/14 v1.3d Input encoding file
\inpenc@prehook=\toks17
\inpenc@posthook=\toks18

Package inputenc Warning: inputenc package ignored with utf8 based engines.

)
("C:/Users/evagr/AppData/Local/Programs/MiKTeX 2.9/tex/latex/graphics/epsfig.st
y"
Package: epsfig 2017/06/25 v1.7b (e)psfig emulation (SPQR)

("C:/Users/evagr/AppData/Local/Programs/MiKTeX 2.9/tex/latex/graphics/graphicx.
sty"
Package: graphicx 2021/09/16 v1.2d Enhanced LaTeX Graphics (DPC,SPQR)

("C:/Users/evagr/AppData/Local/Programs/MiKTeX 2.9/tex/latex/graphics/graphics.
sty"
Package: graphics 2021/03/04 v1.4d Standard LaTeX Graphics (DPC,SPQR)

("C:/Users/evagr/AppData/Local/Programs/MiKTeX 2.9/tex/latex/graphics/trig.sty"
Package: trig 2021/08/11 v1.11 sin cos tan (DPC)
)
("C:/Users/evagr/AppData/Local/Programs/MiKTeX 2.9/tex/latex/graphics-cfg/graph
ics.cfg"
File: graphics.cfg 2016/06/04 v1.11 sample graphics configuration
)
Package graphics Info: Driver file: luatex.def on input line 107.

("C:/Users/evagr/AppData/Local/Programs/MiKTeX 2.9/tex/latex/graphics-def/luate
x.def"
File: luatex.def 2021/06/01 v1.2c Graphics/color driver for luatex
))
\Gin@req@height=\dimen144
\Gin@req@width=\dimen145
)
\epsfxsize=\dimen146
\epsfysize=\dimen147
)
("C:/Users/evagr/AppData/Local/Programs/MiKTeX 2.9/tex/generic/xypic/xy.sty"
("C:/Users/evagr/AppData/Local/Programs/MiKTeX 2.9/tex/generic/xypic/xy.tex"
Bootstrap'ing: catcodes, docmode,
("C:/Users/evagr/AppData/Local/Programs/MiKTeX 2.9/tex/generic/xypic/xyrecat.te
x")
("C:/Users/evagr/AppData/Local/Programs/MiKTeX 2.9/tex/generic/xypic/xyidioms.t
ex")

 Xy-pic version 3.8.9 <2013/10/06>
 Copyright (c) 1991-2013 by Kristoffer H. Rose <krisrose@tug.org> and others
 Xy-pic is free software: see the User's Guide for details.

Loading kernel: messages; fonts; allocations: state,
\X@c=\dimen148
\Y@c=\dimen149
\U@c=\dimen150
\D@c=\dimen151
\L@c=\dimen152
\R@c=\dimen153
\Edge@c=\toks19
\X@p=\dimen154
\Y@p=\dimen155
\U@p=\dimen156
\D@p=\dimen157
\L@p=\dimen158
\R@p=\dimen159
\Edge@p=\toks20
\X@origin=\dimen160
\Y@origin=\dimen161
\X@xbase=\dimen162
\Y@xbase=\dimen163
\X@ybase=\dimen164
\Y@ybase=\dimen165
\X@min=\dimen166
\Y@min=\dimen167
\X@max=\dimen168
\Y@max=\dimen169
\lastobjectbox@=\box53
\zerodotbox@=\box54
\almostz@=\dimen170
 direction,
\d@X=\dimen171
\d@Y=\dimen172
\K@=\count196
\KK@=\count197
\Direction=\count198
\K@dXdY=\dimen173
\K@dYdX=\dimen174
\xyread@=\read3
\xywrite@=\write3
\csp@=\count199
\quotPTK@=\dimen175

utility macros; pictures: \xy, positions,
\swaptoks@@=\toks21
\connectobjectbox@@=\box55
 objects,
\styletoks@=\toks22
 decorations;
kernel objects: directionals, circles, text; options; algorithms: directions,
edges, connections;  Xy-pic loaded)
("C:/Users/evagr/AppData/Local/Programs/MiKTeX 2.9/tex/generic/iftex/ifpdf.sty"
Package: ifpdf 2019/10/25 v3.4 ifpdf legacy package. Use iftex instead.
("C:/Users/evagr/AppData/Local/Programs/MiKTeX 2.9/tex/generic/iftex/iftex.sty"
Package: iftex 2022/02/03 v1.0f TeX engine tests
))
Package: xy 2013/10/06 Xy-pic version 3.8.9

("C:/Users/evagr/AppData/Local/Programs/MiKTeX 2.9/tex/generic/xypic/xyall.tex"
 Xy-pic option: All features v.3.8
("C:/Users/evagr/AppData/Local/Programs/MiKTeX 2.9/tex/generic/xypic/xycurve.te
x"  Xy-pic option: Curve and Spline extension v.3.12 curve,
\crv@cnt@=\count266
\crvpts@=\toks23
\splinebox@=\box56
\splineval@=\dimen176
\splinedepth@=\dimen177
\splinetol@=\dimen178
\splinelength@=\dimen179
 circles,
\L@=\dimen180
 loaded)
("C:/Users/evagr/AppData/Local/Programs/MiKTeX 2.9/tex/generic/xypic/xyframe.te
x"  Xy-pic option: Frame and Bracket extension v.3.14 loaded)
("C:/Users/evagr/AppData/Local/Programs/MiKTeX 2.9/tex/generic/xypic/xycmtip.te
x"  Xy-pic option: Computer Modern tip extension v.3.7
("C:/Users/evagr/AppData/Local/Programs/MiKTeX 2.9/tex/generic/xypic/xytips.tex
"  Xy-pic option: More Tips extension v.3.11 loaded) loaded)
("C:/Users/evagr/AppData/Local/Programs/MiKTeX 2.9/tex/generic/xypic/xyline.tex
"  Xy-pic option: Line styles extension v.3.10
\xylinethick@=\dimen181
 loaded)
("C:/Users/evagr/AppData/Local/Programs/MiKTeX 2.9/tex/generic/xypic/xyrotate.t
ex"  Xy-pic option: Rotate and Scale extension v.3.8 loaded)
("C:/Users/evagr/AppData/Local/Programs/MiKTeX 2.9/tex/generic/xypic/xycolor.te
x"  Xy-pic option: Colour extension v.3.11 loaded)
("C:/Users/evagr/AppData/Local/Programs/MiKTeX 2.9/tex/generic/xypic/xymatrix.t
ex"  Xy-pic option: Matrix feature v.3.14
\Row=\count267
\Col=\count268
\queue@=\toks24
\queue@@=\toks25
\qcount@=\count269
\qcount@@=\count270
\matrixsize@=\count271
 loaded)
("C:/Users/evagr/AppData/Local/Programs/MiKTeX 2.9/tex/generic/xypic/xyarrow.te
x"  Xy-pic option: Arrow and Path feature v.3.9 path, \ar, loaded)
("C:/Users/evagr/AppData/Local/Programs/MiKTeX 2.9/tex/generic/xypic/xygraph.te
x"  Xy-pic option: Graph feature v.3.11 loaded) loaded)
("C:/Users/evagr/AppData/Local/Programs/MiKTeX 2.9/tex/generic/xypic/xypdf.tex"
 Xy-pic option: PDF driver v.1.7 Xy-pic pdf driver: `color' extension support
("C:/Users/evagr/AppData/Local/Programs/MiKTeX 2.9/tex/generic/xypic/xypdf-co.t
ex" loaded) Xy-pic pdf driver: `curve' extension support
("C:/Users/evagr/AppData/Local/Programs/MiKTeX 2.9/tex/generic/xypic/xypdf-cu.t
ex" loaded) Xy-pic pdf driver: `frame' extension support
("C:/Users/evagr/AppData/Local/Programs/MiKTeX 2.9/tex/generic/xypic/xypdf-fr.t
ex" loaded) Xy-pic pdf driver: `line' extension support
("C:/Users/evagr/AppData/Local/Programs/MiKTeX 2.9/tex/generic/xypic/xypdf-li.t
ex" loaded) Xy-pic pdf driver: `rotate' extension support
("C:/Users/evagr/AppData/Local/Programs/MiKTeX 2.9/tex/generic/xypic/xypdf-ro.t
ex" loaded) loaded))

! Package xypdf Error: pdfTeX version 1.40.0 or higher is needed for the xypdf
package with PDF output.

See the xypdf package documentation for explanation.
Type  H <return>  for immediate help.
 ...                                              
                                                  
l.17 \usepackage
              {a4wide}
This error message was generated by an \errmessage
command, so I can't give any explicit help.
Pretend that you're Hercule Poirot: Examine all clues,
and deduce the truth by order and method.

("C:/Users/evagr/AppData/Local/Programs/MiKTeX 2.9/tex/latex/a4wide/a4wide.sty"
Package: a4wide 1994/08/30
("C:/Users/evagr/AppData/Local/Programs/MiKTeX 2.9/tex/latex/ntgclass/a4.sty"
Package: a4 2020/02/18 v1.2g A4 based page layout
))
("C:/Users/evagr/AppData/Local/Programs/MiKTeX 2.9/tex/latex/tools/longtable.st
y"
Package: longtable 2021-09-01 v4.17 Multi-page Table package (DPC)
\LTleft=\skip65
\LTright=\skip66
\LTpre=\skip67
\LTpost=\skip68
\LTchunksize=\count272
\LTcapwidth=\dimen182
\LT@head=\box57
\LT@firsthead=\box58
\LT@foot=\box59
\LT@lastfoot=\box60
\LT@gbox=\box61
\LT@cols=\count273
\LT@rows=\count274
\c@LT@tables=\count275
\c@LT@chunks=\count276
\LT@p@ftn=\toks26
)
Class scrreprt Info: longtable captions redefined on input line 19.

("C:/Users/evagr/AppData/Local/Programs/MiKTeX 2.9/tex/latex/tools/multicol.sty
"
Package: multicol 2021/10/28 v1.9b multicolumn formatting (FMi)
\c@tracingmulticols=\count277
\mult@box=\box62
\multicol@leftmargin=\dimen183
\c@unbalance=\count278
\c@collectmore=\count279
\doublecol@number=\count280
\multicoltolerance=\count281
\multicolpretolerance=\count282
\full@width=\dimen184
\page@free=\dimen185
\premulticols=\dimen186
\postmulticols=\dimen187
\multicolsep=\skip69
\multicolbaselineskip=\skip70
\partial@page=\box63
\last@line=\box64
\maxbalancingoverflow=\dimen188
\mult@rightbox=\box65
\mult@grightbox=\box66
\mult@firstbox=\box67
\mult@gfirstbox=\box68
\@tempa=\box69
\@tempa=\box70
\@tempa=\box71
\@tempa=\box72
\@tempa=\box73
\@tempa=\box74
\@tempa=\box75
\@tempa=\box76
\@tempa=\box77
\@tempa=\box78
\@tempa=\box79
\@tempa=\box80
\@tempa=\box81
\@tempa=\box82
\@tempa=\box83
\@tempa=\box84
\@tempa=\box85
\@tempa=\box86
\@tempa=\box87
\@tempa=\box88
\@tempa=\box89
\@tempa=\box90
\@tempa=\box91
\@tempa=\box92
\@tempa=\box93
\@tempa=\box94
\@tempa=\box95
\@tempa=\box96
\@tempa=\box97
\@tempa=\box98
\@tempa=\box99
\@tempa=\box100
\@tempa=\box101
\@tempa=\box102
\@tempa=\box103
\@tempa=\box104
\c@minrows=\count283
\c@columnbadness=\count284
\c@finalcolumnbadness=\count285
\last@try=\dimen189
\multicolovershoot=\dimen190
\multicolundershoot=\dimen191
\mult@nat@firstbox=\box105
\colbreak@box=\box106
\mc@col@check@num=\count286
)
("C:/Users/evagr/AppData/Local/Programs/MiKTeX 2.9/tex/latex/eurosym/eurosym.st
y"
Package: eurosym 1998/08/06 v1.1 European currency symbol ``Euro''
\@eurobox=\box107
) ("C:/Users/evagr/AppData/Local/Programs/MiKTeX 2.9/tex/latex/base/alltt.sty"
Package: alltt 2021/01/29 v2.0g defines alltt environment
)
("C:/Users/evagr/AppData/Local/Programs/MiKTeX 2.9/tex/latex/caption/caption.st
y"
Package: caption 2022/02/28 v3.6a Customizing captions (AR)

("C:/Users/evagr/AppData/Local/Programs/MiKTeX 2.9/tex/latex/caption/caption3.s
ty"
Package: caption3 2022/02/28 v2.3a caption3 kernel (AR)
\caption@tempdima=\dimen192
\captionmargin=\dimen193
\caption@leftmargin=\dimen194
\caption@rightmargin=\dimen195
\caption@width=\dimen196
\caption@indent=\dimen197
\caption@parindent=\dimen198
\caption@hangindent=\dimen199
Package caption Info: KOMA-Script document class detected.

("C:/Users/evagr/AppData/Local/Programs/MiKTeX 2.9/tex/latex/caption/caption-ko
ma.sto"
File: caption-koma.sto 2020/09/21 v2.0b Adaption of the caption package to the 
KOMA-Script document classes (AR)
))
\c@caption@flags=\count287
\c@continuedfloat=\count288
Package caption Info: longtable package is loaded.

("C:/Users/evagr/AppData/Local/Programs/MiKTeX 2.9/tex/latex/caption/ltcaption.
sty"
Package: ltcaption 2021/01/08 v1.4c longtable captions (AR)
))
("C:/Users/evagr/AppData/Local/Programs/MiKTeX 2.9/tex/latex/psnfss/helvet.sty"
Package: helvet 2020/03/25 PSNFSS-v9.3 (WaS) 
)
Package scrhack Info: hyperref hack deactivated because of
(scrhack)             detection of KOMA-Script class, that doesn't
(scrhack)             need that hack, on input line 24.

("C:/Users/evagr/AppData/Local/Programs/MiKTeX 2.9/tex/latex/hyperref/hyperref.
sty"
Package: hyperref 2022-02-21 v7.00n Hypertext links for LaTeX

("C:/Users/evagr/AppData/Local/Programs/MiKTeX 2.9/tex/generic/ltxcmds/ltxcmds.
sty"
Package: ltxcmds 2020-05-10 v1.25 LaTeX kernel commands for general use (HO)
)
("C:/Users/evagr/AppData/Local/Programs/MiKTeX 2.9/tex/latex/pdftexcmds/pdftexc
mds.sty"
Package: pdftexcmds 2019/11/24 v0.31 Utility functions of pdfTeX for LuaTeX (HO
)

("C:/Users/evagr/AppData/Local/Programs/MiKTeX 2.9/tex/generic/infwarerr/infwar
err.sty"
Package: infwarerr 2019/12/03 v1.5 Providing info/warning/error messages (HO)
)
Package pdftexcmds Info: \pdf@primitive is available.
Package pdftexcmds Info: \pdf@ifprimitive is available.
Package pdftexcmds Info: \pdfdraftmode found.
\pdftexcmds@toks=\toks27
)
("C:/Users/evagr/AppData/Local/Programs/MiKTeX 2.9/tex/generic/kvsetkeys/kvsetk
eys.sty"
Package: kvsetkeys 2019/12/15 v1.18 Key value parser (HO)
)
("C:/Users/evagr/AppData/Local/Programs/MiKTeX 2.9/tex/generic/kvdefinekeys/kvd
efinekeys.sty"
Package: kvdefinekeys 2019-12-19 v1.6 Define keys (HO)
)
("C:/Users/evagr/AppData/Local/Programs/MiKTeX 2.9/tex/generic/pdfescape/pdfesc
ape.sty"
Package: pdfescape 2019/12/09 v1.15 Implements pdfTeX's escape features (HO)
)
("C:/Users/evagr/AppData/Local/Programs/MiKTeX 2.9/tex/latex/hycolor/hycolor.st
y"
Package: hycolor 2020-01-27 v1.10 Color options for hyperref/bookmark (HO)
)
("C:/Users/evagr/AppData/Local/Programs/MiKTeX 2.9/tex/latex/letltxmacro/letltx
macro.sty"
Package: letltxmacro 2019/12/03 v1.6 Let assignment for LaTeX macros (HO)
)
("C:/Users/evagr/AppData/Local/Programs/MiKTeX 2.9/tex/latex/auxhook/auxhook.st
y"
Package: auxhook 2019-12-17 v1.6 Hooks for auxiliary files (HO)
)
("C:/Users/evagr/AppData/Local/Programs/MiKTeX 2.9/tex/latex/kvoptions/kvoption
s.sty"
Package: kvoptions 2020-10-07 v3.14 Key value format for package options (HO)
)
\@linkdim=\dimen256
\Hy@linkcounter=\count289
\Hy@pagecounter=\count290

("C:/Users/evagr/AppData/Local/Programs/MiKTeX 2.9/tex/latex/hyperref/pd1enc.de
f"
File: pd1enc.def 2022-02-21 v7.00n Hyperref: PDFDocEncoding definition (HO)
)
("C:/Users/evagr/AppData/Local/Programs/MiKTeX 2.9/tex/generic/intcalc/intcalc.
sty"
Package: intcalc 2019/12/15 v1.3 Expandable calculations with integers (HO)
)
("C:/Users/evagr/AppData/Local/Programs/MiKTeX 2.9/tex/generic/etexcmds/etexcmd
s.sty"
Package: etexcmds 2019/12/15 v1.7 Avoid name clashes with e-TeX commands (HO)
)
\Hy@SavedSpaceFactor=\count291

("C:/Users/evagr/AppData/Local/Programs/MiKTeX 2.9/tex/latex/hyperref/puenc.def
"
File: puenc.def 2022-02-21 v7.00n Hyperref: PDF Unicode definition (HO)
)
Package hyperref Info: Hyper figures OFF on input line 4137.
Package hyperref Info: Link nesting OFF on input line 4142.
Package hyperref Info: Hyper index ON on input line 4145.
Package hyperref Info: Plain pages OFF on input line 4152.
Package hyperref Info: Backreferencing OFF on input line 4157.
Package hyperref Info: Implicit mode ON; LaTeX internals redefined.
Package hyperref Info: Bookmarks ON on input line 4390.
\c@Hy@tempcnt=\count292
 ("C:/Users/evagr/AppData/Local/Programs/MiKTeX 2.9/tex/latex/url/url.sty"
\Urlmuskip=\muskip16
Package: url 2013/09/16  ver 3.4  Verb mode for urls, etc.
)
LaTeX Info: Redefining \url on input line 4749.
\XeTeXLinkMargin=\dimen257

("C:/Users/evagr/AppData/Local/Programs/MiKTeX 2.9/tex/generic/bitset/bitset.st
y"
Package: bitset 2019/12/09 v1.3 Handle bit-vector datatype (HO)

("C:/Users/evagr/AppData/Local/Programs/MiKTeX 2.9/tex/generic/bigintcalc/bigin
tcalc.sty"
Package: bigintcalc 2019/12/15 v1.5 Expandable calculations on big integers (HO
)
))
\Fld@menulength=\count293
\Field@Width=\dimen258
\Fld@charsize=\dimen259
Package hyperref Info: Hyper figures OFF on input line 6027.
Package hyperref Info: Link nesting OFF on input line 6032.
Package hyperref Info: Hyper index ON on input line 6035.
Package hyperref Info: backreferencing OFF on input line 6042.
Package hyperref Info: Link coloring OFF on input line 6047.
Package hyperref Info: Link coloring with OCG OFF on input line 6052.
Package hyperref Info: PDF/A mode OFF on input line 6057.
LaTeX Info: Redefining \ref on input line 6097.
LaTeX Info: Redefining \pageref on input line 6101.

("C:/Users/evagr/AppData/Local/Programs/MiKTeX 2.9/tex/latex/base/atbegshi-ltx.
sty"
Package: atbegshi-ltx 2021/01/10 v1.0c Emulation of the original atbegshi
package with kernel methods
)
\Hy@abspage=\count294
\c@Item=\count295
\c@Hfootnote=\count296
)
Package hyperref Info: Driver (autodetected): hluatex.

("C:/Users/evagr/AppData/Local/Programs/MiKTeX 2.9/tex/latex/hyperref/hluatex.d
ef"
File: hluatex.def 2022-02-21 v7.00n Hyperref driver for luaTeX

("C:/Users/evagr/AppData/Local/Programs/MiKTeX 2.9/tex/generic/stringenc/string
enc.sty"
Package: stringenc 2019/11/29 v1.12 Convert strings between diff. encodings (HO
)
)
("C:/Users/evagr/AppData/Local/Programs/MiKTeX 2.9/tex/latex/base/atveryend-ltx
.sty"
Package: atveryend-ltx 2020/08/19 v1.0a Emulation of the original atveryend pac
kage
with kernel methods
)
\Fld@listcount=\count297
\c@bookmark@seq@number=\count298

("C:/Users/evagr/AppData/Local/Programs/MiKTeX 2.9/tex/latex/rerunfilecheck/rer
unfilecheck.sty"
Package: rerunfilecheck 2019/12/05 v1.9 Rerun checks for auxiliary files (HO)

("C:/Users/evagr/AppData/Local/Programs/MiKTeX 2.9/tex/generic/uniquecounter/un
iquecounter.sty"
Package: uniquecounter 2019/12/15 v1.4 Provide unlimited unique counter (HO)
)
Package uniquecounter Info: New unique counter `rerunfilecheck' on input line 2
86.
)
\Hy@SectionHShift=\skip71
)
("C:/Users/evagr/AppData/Local/Programs/MiKTeX 2.9/tex/latex/setspace/setspace.
sty"
Package: setspace 2011/12/19 v6.7a set line spacing
)
Package scrhack Info: loading setspace hack on input line 25.

("C:/Users/evagr/AppData/Local/Programs/MiKTeX 2.9/tex/latex/koma-script/setspa
ce.hak"
File: setspace.hak 2021/11/13 v3.35 KOMA-Script scrhack part (hacking package s
etspace)
)
("C:/Users/evagr/AppData/Local/Programs/MiKTeX 2.9/tex/latex/srcltx/srcltx.sty"
Package: srcltx 2006/11/12 v1.6 Source specials for inverse search in DVI files

("C:/Users/evagr/AppData/Local/Programs/MiKTeX 2.9/tex/latex/base/ifthen.sty"
Package: ifthen 2020/11/24 v1.1c Standard LaTeX ifthen package (DPC)
)
\src@lastline=\count299
\src@new@everypar=\toks28
\src@new@output=\toks29
) ("C:/Users/evagr/AppData/Local/Programs/MiKTeX 2.9/tex/latex/cancel/cancel.st
y"
Package: cancel 2013/04/12 v2.2 Cancel math terms
) ("C:/Users/evagr/AppData/Local/Programs/MiKTeX 2.9/tex/latex/eepic/eepic.sty"

Extension to Epic and LaTeX. Version 1.1e - Released Dec 21, 1999
\@gphlinewidth=\count300
\@eepictcnt=\count301
\@tempdimc=\dimen260
\maxovaldiam=\dimen261
\@filltype=\box108
) ("C:/Users/evagr/AppData/Local/Programs/MiKTeX 2.9/tex/latex/eepic/epic.sty"
Enhancements to Picture Environment. Version 1.2 - Released June 1, 1986
\@@multicnt=\count302
\d@lta=\count303
\@delta=\dimen262
\@@delta=\dimen263
\@gridcnt=\count304
\@joinkind=\count305
\@dotgap=\dimen264
\@ddotgap=\dimen265
\@x@diff=\count306
\@y@diff=\count307
\x@diff=\dimen266
\y@diff=\dimen267
\@dotbox=\box109
\num@segments=\count308
\num@segmentsi=\count309
\@datafile=\read4
)
("C:/Users/evagr/AppData/Local/Programs/MiKTeX 2.9/tex/latex/tools/enumerate.st
y"
Package: enumerate 2015/07/23 v3.00 enumerate extensions (DPC)
\@enLab=\toks30
)
("C:/Users/evagr/AppData/Local/Programs/MiKTeX 2.9/tex/latex/graphics/color.sty
"
Package: color 2021/12/07 v1.3c Standard LaTeX Color (DPC)

("C:/Users/evagr/AppData/Local/Programs/MiKTeX 2.9/tex/latex/graphics-cfg/color
.cfg"
File: color.cfg 2016/01/02 v1.6 sample color configuration
)
Package color Info: Driver file: luatex.def on input line 149.
)
("C:/Users/evagr/AppData/Local/Programs/MiKTeX 2.9/tex/latex/xcolor/xcolor.sty"
Package: xcolor 2021/10/31 v2.13 LaTeX color extensions (UK)

("C:/Users/evagr/AppData/Local/Programs/MiKTeX 2.9/tex/latex/graphics-cfg/color
.cfg"
File: color.cfg 2016/01/02 v1.6 sample color configuration
)
Package xcolor Info: Driver file: luatex.def on input line 227.
LaTeX Info: Redefining \color on input line 711.
Package xcolor Info: Model `cmy' substituted by `cmy0' on input line 1352.
Package xcolor Info: Model `hsb' substituted by `rgb' on input line 1356.
Package xcolor Info: Model `RGB' extended on input line 1368.
Package xcolor Info: Model `HTML' substituted by `rgb' on input line 1370.
Package xcolor Info: Model `Hsb' substituted by `hsb' on input line 1371.
Package xcolor Info: Model `tHsb' substituted by `hsb' on input line 1372.
Package xcolor Info: Model `HSB' substituted by `hsb' on input line 1373.
Package xcolor Info: Model `Gray' substituted by `gray' on input line 1374.
Package xcolor Info: Model `wave' substituted by `hsb' on input line 1375.
)
("C:/Users/evagr/AppData/Local/Programs/MiKTeX 2.9/tex/latex/amsfonts/amssymb.s
ty"
Package: amssymb 2013/01/14 v3.01 AMS font symbols

("C:/Users/evagr/AppData/Local/Programs/MiKTeX 2.9/tex/latex/amsfonts/amsfonts.
sty"
Package: amsfonts 2013/01/14 v3.01 Basic AMSFonts support
\@emptytoks=\toks31
\symAMSa=\mathgroup4
\symAMSb=\mathgroup5
LaTeX Font Info:    Redeclaring math symbol \hbar on input line 98.
LaTeX Font Info:    Overwriting math alphabet `\mathfrak' in version `bold'
(Font)                  U/euf/m/n --> U/euf/b/n on input line 106.
))
("C:/Users/evagr/AppData/Local/Programs/MiKTeX 2.9/tex/latex/amsmath/amsmath.st
y"
Package: amsmath 2021/10/15 v2.17l AMS math features
\@mathmargin=\skip72

For additional information on amsmath, use the `?' option.

("C:/Users/evagr/AppData/Local/Programs/MiKTeX 2.9/tex/latex/amsmath/amstext.st
y"
Package: amstext 2021/08/26 v2.01 AMS text

("C:/Users/evagr/AppData/Local/Programs/MiKTeX 2.9/tex/latex/amsmath/amsgen.sty
"
File: amsgen.sty 1999/11/30 v2.0 generic functions
\@emptytoks=\toks32
\ex@=\dimen268
))
("C:/Users/evagr/AppData/Local/Programs/MiKTeX 2.9/tex/latex/amsmath/amsbsy.sty
"
Package: amsbsy 1999/11/29 v1.2d Bold Symbols
\pmbraise@=\dimen269
)
("C:/Users/evagr/AppData/Local/Programs/MiKTeX 2.9/tex/latex/amsmath/amsopn.sty
"
Package: amsopn 2021/08/26 v2.02 operator names
)
\inf@bad=\count310
LaTeX Info: Redefining \frac on input line 236.
\uproot@=\count311
\leftroot@=\count312
LaTeX Info: Redefining \overline on input line 399.
\classnum@=\count313
\DOTSCASE@=\count314
LaTeX Info: Redefining \ldots on input line 496.
LaTeX Info: Redefining \dots on input line 499.
LaTeX Info: Redefining \cdots on input line 620.
\Mathstrutbox@=\box110
\strutbox@=\box111
\big@size=\dimen270
LaTeX Font Info:    Redeclaring font encoding OML on input line 743.
LaTeX Font Info:    Redeclaring font encoding OMS on input line 744.
\macc@depth=\count315
\c@MaxMatrixCols=\count316
\dotsspace@=\muskip17
\c@parentequation=\count317
\dspbrk@lvl=\count318
\tag@help=\toks33
\row@=\count319
\column@=\count320
\maxfields@=\count321
\andhelp@=\toks34
\eqnshift@=\dimen271
\alignsep@=\dimen272
\tagshift@=\dimen273
\tagwidth@=\dimen274
\totwidth@=\dimen275
\lineht@=\dimen276
\@envbody=\toks35
\multlinegap=\skip73
\multlinetaggap=\skip74
\mathdisplay@stack=\toks36
LaTeX Info: Redefining \[ on input line 2938.
LaTeX Info: Redefining \] on input line 2939.
)
("C:/Users/evagr/AppData/Local/Programs/MiKTeX 2.9/tex/latex/amscls/amsthm.sty"
Package: amsthm 2020/05/29 v2.20.6
\thm@style=\toks37
\thm@bodyfont=\toks38
\thm@headfont=\toks39
\thm@notefont=\toks40
\thm@headpunct=\toks41
\thm@preskip=\skip75
\thm@postskip=\skip76
\thm@headsep=\skip77
\dth@everypar=\toks42
)
Class scrreprt Info: amsthm's \deferred@thm@head patched.

("C:/Users/evagr/AppData/Local/Programs/MiKTeX 2.9/tex/latex/algorithms/algorit
hm.sty"
Package: algorithm 2009/08/24 v0.1 Document Style `algorithm' - floating enviro
nment

("C:/Users/evagr/AppData/Local/Programs/MiKTeX 2.9/tex/latex/float/float.sty"
Package: float 2001/11/08 v1.3d Float enhancements (AL)
\c@float@type=\count322
\float@exts=\toks43
\float@box=\box112
\@float@everytoks=\toks44
\@floatcapt=\box113
)
Package scrhack Info: loading float hack on input line 32.
Package srcltx Info: Expanded filename `float.hak' to `float.hak.tex' on input 
line 32.

:<+ float.hak.tex

("C:/Users/evagr/AppData/Local/Programs/MiKTeX 2.9/tex/latex/koma-script/float.
hak"
File: float.hak 2021/11/13 v3.35 KOMA-Script scrhack part (hacking package floa
t)
Package scrhack Info: redefining \newfloat on input line 163.
Package scrhack Info: redefining \listof on input line 163.
Package scrhack Info: undefining \float@addtolists on input line 163.
)
:<-
Package tocbasic Info: setting babel extension for `loa' on input line 95.
\@float@every@algorithm=\toks45
\c@algorithm=\count323
)
("C:/Users/evagr/AppData/Local/Programs/MiKTeX 2.9/tex/latex/algorithmicx/algps
eudocode.sty"
Package: algpseudocode 

("C:/Users/evagr/AppData/Local/Programs/MiKTeX 2.9/tex/latex/algorithmicx/algor
ithmicx.sty"
Package: algorithmicx 2005/04/27 v1.2 Algorithmicx

Document Style algorithmicx 1.2 - a greatly improved `algorithmic' style
\c@ALG@line=\count324
\c@ALG@rem=\count325
\c@ALG@nested=\count326
\ALG@tlm=\skip78
\ALG@thistlm=\skip79
\c@ALG@Lnr=\count327
\c@ALG@blocknr=\count328
\c@ALG@storecount=\count329
\c@ALG@tmpcounter=\count330
\ALG@tmplength=\skip80
)
Document Style - pseudocode environments for use with the `algorithmicx' style
) ("C:/Users/evagr/AppData/Local/Programs/MiKTeX 2.9/tex/latex/ulem/ulem.sty"
\UL@box=\box114
\UL@hyphenbox=\box115
\UL@skip=\skip81
\UL@hook=\toks46
\UL@height=\dimen277
\UL@pe=\count331
\UL@pixel=\dimen278
\ULC@box=\box116
Package: ulem 2019/11/18
\ULdepth=\dimen279
)
("C:/Users/evagr/AppData/Local/Programs/MiKTeX 2.9/tex/latex/listings/listings.
sty"
\lst@mode=\count332
\lst@gtempboxa=\box117
\lst@token=\toks47
\lst@length=\count333
\lst@currlwidth=\dimen280
\lst@column=\count334
\lst@pos=\count335
\lst@lostspace=\dimen281
\lst@width=\dimen282
\lst@newlines=\count336
\lst@lineno=\count337
\lst@maxwidth=\dimen283

("C:/Users/evagr/AppData/Local/Programs/MiKTeX 2.9/tex/latex/listings/lstmisc.s
ty"
File: lstmisc.sty 2020/03/24 1.8d (Carsten Heinz)
\c@lstnumber=\count338
\lst@skipnumbers=\count339
\lst@framebox=\box118
)
("C:/Users/evagr/AppData/Local/Programs/MiKTeX 2.9/tex/latex/listings/listings.
cfg"
File: listings.cfg 2020/03/24 1.8d listings configuration
))
Package scrhack Info: loading listings hack on input line 41.
Package srcltx Info: Expanded filename `listings.hak' to `listings.hak.tex' on 
input line 41.

:<+ listings.hak.tex

("C:/Users/evagr/AppData/Local/Programs/MiKTeX 2.9/tex/latex/koma-script/listin
gs.hak"
File: listings.hak 2021/11/13 v3.35 KOMA-Script scrhack part (hacking package l
istings)
Package tocbasic Info: setting babel extension for `lol' on input line 143.
Package scrhack Info: redefining \lstlistoflistings on input line 143.
)
:<-
Package: listings 2020/03/24 1.8d (Carsten Heinz)

("C:/Users/evagr/AppData/Local/Programs/MiKTeX 2.9/tex/latex/csquotes/csquotes.
sty"
Package: csquotes 2021-02-22 v5.2l context-sensitive quotations (JAW)
\csq@reset=\count340
\csq@gtype=\count341
\csq@glevel=\count342
\csq@qlevel=\count343
\csq@maxlvl=\count344
\csq@tshold=\count345
\csq@ltx@everypar=\toks48
Package srcltx Info: Expanded filename `csquotes.def' to `csquotes.def.tex' on 
input line 2474.

:<+ csquotes.def.tex

("C:/Users/evagr/AppData/Local/Programs/MiKTeX 2.9/tex/latex/csquotes/csquotes.
def"
File: csquotes.def 2021-02-22 v5.2l csquotes generic definitions (JAW)
)
:<-
Package csquotes Info: Trying to load configuration file 'csquotes.cfg'...
Package csquotes Info: ... configuration file loaded successfully.

("C:/Users/evagr/AppData/Local/Programs/MiKTeX 2.9/tex/latex/csquotes/csquotes.
cfg"
File: csquotes.cfg 
)
Package csquotes Info: Enabling multilingual quotes.
Package csquotes Info: Redefining alias 'english' -> 'english/american'.
Package csquotes Info: Redefining alias 'german' -> 'german/quotes'.
)
\c@theorem=\count346
\c@corollary=\count347
\c@lemma=\count348
\c@example=\count349
\c@def_internal=\count350
Package csquotes Info: Checking for multilingual support...
Package csquotes Info: ... found 'babel' package.
 (./expose.aux)
\openout1 = expose.aux

LaTeX Font Info:    Checking defaults for OML/cmm/m/it on input line 106.
LaTeX Font Info:    ... okay on input line 106.
LaTeX Font Info:    Checking defaults for OMS/cmsy/m/n on input line 106.
LaTeX Font Info:    ... okay on input line 106.
LaTeX Font Info:    Checking defaults for OT1/cmr/m/n on input line 106.
LaTeX Font Info:    ... okay on input line 106.
LaTeX Font Info:    Checking defaults for T1/cmr/m/n on input line 106.
LaTeX Font Info:    ... okay on input line 106.
LaTeX Font Info:    Checking defaults for TS1/cmr/m/n on input line 106.
LaTeX Font Info:    Trying to load font information for TS1+cmr on input line 1
06.

("C:/Users/evagr/AppData/Local/Programs/MiKTeX 2.9/tex/latex/base/ts1cmr.fd"
File: ts1cmr.fd 2019/12/16 v2.5j Standard LaTeX font definitions
)
LaTeX Font Info:    ... okay on input line 106.
LaTeX Font Info:    Checking defaults for TU/lmr/m/n on input line 106.
LaTeX Font Info:    ... okay on input line 106.
LaTeX Font Info:    Checking defaults for OMX/cmex/m/n on input line 106.
LaTeX Font Info:    ... okay on input line 106.
LaTeX Font Info:    Checking defaults for U/cmr/m/n on input line 106.
LaTeX Font Info:    ... okay on input line 106.
LaTeX Font Info:    Checking defaults for PD1/pdf/m/n on input line 106.
LaTeX Font Info:    ... okay on input line 106.
LaTeX Font Info:    Checking defaults for PU/pdf/m/n on input line 106.
LaTeX Font Info:    ... okay on input line 106.
Package scrbase Info: activating english \contentsname on input line 106.
Package scrbase Info: activating english \listfigurename on input line 106.
Package scrbase Info: activating english \listtablename on input line 106.

("C:/Users/evagr/AppData/Local/Programs/MiKTeX 2.9/tex/context/base/mkii/supp-p
df.mkii"
[Loading MPS to PDF converter (version 2006.09.02).]
\scratchcounter=\count351
\scratchdimen=\dimen284
\scratchbox=\box119
\nofMPsegments=\count352
\nofMParguments=\count353
\everyMPshowfont=\toks49
\MPscratchCnt=\count354
\MPscratchDim=\dimen285
\MPnumerator=\count355
\makeMPintoPDFobject=\count356
\everyMPtoPDFconversion=\toks50
)
("C:/Users/evagr/AppData/Local/Programs/MiKTeX 2.9/tex/latex/epstopdf-pkg/epsto
pdf-base.sty"
Package: epstopdf-base 2020-01-24 v2.11 Base part for package epstopdf

("C:/Users/evagr/AppData/Local/Programs/MiKTeX 2.9/tex/latex/grfext/grfext.sty"
Package: grfext 2019/12/03 v1.3 Manage graphics extensions (HO)
)
Package epstopdf-base Info: Redefining graphics rule for `.eps' on input line 4
85.
Package grfext Info: Graphics extension search list:
(grfext)             [.pdf,.png,.jpg,.mps,.jpeg,.jbig2,.jb2,.PDF,.PNG,.JPG,.JPE
G,.JBIG2,.JB2,.eps]
(grfext)             \AppendGraphicsExtensions on input line 504.

("C:/Users/evagr/AppData/Local/Programs/MiKTeX 2.9/tex/latex/00miktex/epstopdf-
sys.cfg"
File: epstopdf-sys.cfg 2021/03/18 v2.0 Configuration of epstopdf for MiKTeX
))
LaTeX Font Info:    Trying to load font information for U+msa on input line 106
.

("C:/Users/evagr/AppData/Local/Programs/MiKTeX 2.9/tex/latex/amsfonts/umsa.fd"
File: umsa.fd 2013/01/14 v3.01 AMS symbols A
)
LaTeX Font Info:    Trying to load font information for U+msb on input line 106
.
("C:/Users/evagr/AppData/Local/Programs/MiKTeX 2.9/tex/latex/amsfonts/umsb.fd"
File: umsb.fd 2013/01/14 v3.01 AMS symbols B
)
Package xypdf Info: Line width: 0.43799pt on input line 106.
Package caption Info: Begin \AtBeginDocument code.
Package caption Info: float package is loaded.
Package caption Info: hyperref package is loaded.
Package caption Info: listings package is loaded.
Package caption Info: End \AtBeginDocument code.
Package hyperref Info: Link coloring OFF on input line 106.

("C:/Users/evagr/AppData/Local/Programs/MiKTeX 2.9/tex/latex/hyperref/nameref.s
ty"
Package: nameref 2021-04-02 v2.47 Cross-referencing by name of section

("C:/Users/evagr/AppData/Local/Programs/MiKTeX 2.9/tex/latex/refcount/refcount.
sty"
Package: refcount 2019/12/15 v3.6 Data extraction from label references (HO)
)
("C:/Users/evagr/AppData/Local/Programs/MiKTeX 2.9/tex/generic/gettitlestring/g
ettitlestring.sty"
Package: gettitlestring 2019/12/15 v1.6 Cleanup title references (HO)
)
\c@section@level=\count357
)
LaTeX Info: Redefining \ref on input line 106.
LaTeX Info: Redefining \pageref on input line 106.
LaTeX Info: Redefining \nameref on input line 106.
 (./expose.out) (./expose.out)
\@outlinefile=\write4

\openout4 = expose.out
Class scrreprt Info: loading recommended package `bookmark'.
(scrreprt)           Using `bookmark' together with `hyperref' is recommended,
(scrreprt)           because of handling of possible bookmark level gaps.
(scrreprt)           You can avoid loading `bookmark' with KOMA-Script option
(scrreprt)           `bookmarkpackage=false' before \begin{document} and
(scrreprt)           you can avoid this message adding:
(scrreprt)             \usepackage{bookmark}
(scrreprt)           before \begin{document} on input line 106.

("C:/Users/evagr/AppData/Local/Programs/MiKTeX 2.9/tex/latex/bookmark/bookmark.
sty"
Package: bookmark 2020-11-06 v1.29 PDF bookmarks (HO)

("C:/Users/evagr/AppData/Local/Programs/MiKTeX 2.9/tex/latex/bookmark/bkm-pdfte
x.def"
File: bkm-pdftex.def 2020-11-06 v1.29 bookmark driver for pdfTeX (HO)
\BKM@id=\count358
))
\c@lstlisting=\count359
Package scrhack Info: undefining \float@addtolists on input line 106.
luaotfload | cache : Lookup cache loaded from C:/Users/evagr/AppData/Local/MiKTe
X/2.9/luatex-cache/generic/names/luaotfload-lookup-cache.luc.
luaotfload | db : Reload initiated (formats: otf,ttf,ttc); reason: Font "crz" no
t found.
luaotfload | resolve : sequence of 3 lookups yielded nothing appropriate.
! Font \uplogo=crz at 10pt not loadable: metric data not found or bad.
\\uniwappen [#1]->\font \uplogo =crz at #1 
                                           {\uplogo KABCROMUNGSHO0}
l.125 \makefttitle
                
I wasn't able to read the size data for this font,
so I will ignore the font specification.
[Wizards can fix TFM files using TFtoPL/PLtoTF.]
You might try inserting a different font spec;
e.g., type `I\font<same font id>=<substitute font name>'.

[1


{C:/Users/evagr/AppData/Local/MiKTeX/2.9/fonts/map/pdftex/pdftex.map}
Missing character: There is no K (U+004B) in font nullfont!
Missing character: There is no A (U+0041) in font nullfont!
Missing character: There is no B (U+0042) in font nullfont!
Missing character: There is no C (U+0043) in font nullfont!
Missing character: There is no R (U+0052) in font nullfont!
Missing character: There is no O (U+004F) in font nullfont!
Missing character: There is no M (U+004D) in font nullfont!
Missing character: There is no U (U+0055) in font nullfont!
Missing character: There is no N (U+004E) in font nullfont!
Missing character: There is no G (U+0047) in font nullfont!
Missing character: There is no S (U+0053) in font nullfont!
Missing character: There is no H (U+0048) in font nullfont!
Missing character: There is no O (U+004F) in font nullfont!
Missing character: There is no 0 (U+0030) in font nullfont!
]
chapter 1.

warning  (pdf backend): ignoring duplicate destination with the name 'page.1'
[1

] [2]
:<+ expose.bbl
No file expose.bbl.
:<-
(./expose.aux)
Package rerunfilecheck Info: File `expose.out' has not changed.
(rerunfilecheck)             Checksum: D41D8CD98F00B204E9800998ECF8427E;0.
)

Here is how much of LuaTeX's memory you used:
 23748 strings out of 477792
 100000,953878 words of node,token memory allocated
 655 words of node memory still in use:
   9 hlist, 2 vlist, 3 rule, 5 glue, 5 kern, 1 glyph, 16 attribute, 66 glue_spec
, 11 attribute_list, 1 write, 3 special nodes
   avail lists: 1:1,2:337,3:94,4:27,5:84,6:30,7:1204,8:16,9:189,10:6,11:69
 43377 multiletter control sequences out of 65536+600000
 60 fonts using 4259791 bytes
 108i,11n,100p,10600b,419s stack positions out of 5000i,500n,10000p,200000b,80000s
<//?/c:/users/evagr/appdata/local/programs/miktex 2.9/fonts/opentype/public/lm/l
mroman10-bold.otf><//?/c:/users/evagr/appdata/local/programs/miktex 2.9/fonts/op
entype/public/lm/lmroman10-regular.otf><//?/c:/users/evagr/appdata/local/program
s/miktex 2.9/fonts/opentype/public/lm/lmroman12-bold.otf><//?/c:/users/evagr/app
data/local/programs/miktex 2.9/fonts/opentype/public/lm/lmroman17-regular.otf></
/?/c:/users/evagr/appdata/local/programs/miktex 2.9/fonts/opentype/public/lm/lmr
omancaps10-regular.otf>
Output written on expose.pdf (3 pages, 29679 bytes).

PDF statistics: 81 PDF objects out of 1000 (max. 8388607)
 12 named destinations out of 1000 (max. 131072)
 49 words of extra memory for PDF output out of 10000 (max. 100000000)

